<?xml version="1.0" encoding="UTF-8"?>
<!-- Generated by org.testng.reporters.JUnitReportReporter -->
<testsuite skipped="0" hostname="INHYNKGADDAM2" name="com.qa.tests.FirstGitTest" tests="1" failures="0" timestamp="2020-08-07T19:01:37 IST" time="0.008" errors="0">
  <testcase name="addTest" time="0.008" classname="com.qa.tests.FirstGitTest"/>
</testsuite> <!-- com.qa.tests.FirstGitTest -->
